<?xml version="1.0" encoding="UTF-8"?>
<!-- Generated by org.testng.reporters.JUnitXMLReporter -->
<testsuite hostname="zakgovin" name="Test1" tests="4" failures="0" timestamp="4 May 2015 03:36:11 GMT" time="22.707" errors="0">
  <testcase name="testLogin" time="4.075" classname="ru.st.selenium.Login"/>
  <testcase name="testAddfilm" time="5.228" classname="ru.st.selenium.Addfilm"/>
  <testcase name="testRemoveFilm" time="0.481" classname="ru.st.selenium.RemoveFilm"/>
  <testcase name="testLogout" time="1.405" classname="ru.st.selenium.Logout"/>
</testsuite> <!-- Test1 -->
